  Application.cpp
c:\users\user\documents\queens\oz modules\graphics\group project\trainvis\trainvis\src\graphics\../Core/Input.h(7): error C2065: 'GLFW_KEY_UNKNOWN': undeclared identifier
c:\users\user\documents\queens\oz modules\graphics\group project\trainvis\trainvis\src\graphics\../Core/Input.h(9): error C2065: 'GLFW_KEY_SPACE': undeclared identifier
c:\users\user\documents\queens\oz modules\graphics\group project\trainvis\trainvis\src\graphics\../Core/Input.h(10): error C2065: 'GLFW_KEY_APOSTROPHE': undeclared identifier
c:\users\user\documents\queens\oz modules\graphics\group project\trainvis\trainvis\src\graphics\../Core/Input.h(11): error C2065: 'GLFW_KEY_COMMA': undeclared identifier
c:\users\user\documents\queens\oz modules\graphics\group project\trainvis\trainvis\src\graphics\../Core/Input.h(12): error C2065: 'GLFW_KEY_MINUS': undeclared identifier
c:\users\user\documents\queens\oz modules\graphics\group project\trainvis\trainvis\src\graphics\../Core/Input.h(13): error C2065: 'GLFW_KEY_PERIOD': undeclared identifier
c:\users\user\documents\queens\oz modules\graphics\group project\trainvis\trainvis\src\graphics\../Core/Input.h(14): error C2065: 'GLFW_KEY_SLASH': undeclared identifier
c:\users\user\documents\queens\oz modules\graphics\group project\trainvis\trainvis\src\graphics\../Core/Input.h(15): error C2065: 'GLFW_KEY_0': undeclared identifier
c:\users\user\documents\queens\oz modules\graphics\group project\trainvis\trainvis\src\graphics\../Core/Input.h(16): error C2065: 'GLFW_KEY_1': undeclared identifier
c:\users\user\documents\queens\oz modules\graphics\group project\trainvis\trainvis\src\graphics\../Core/Input.h(17): error C2065: 'GLFW_KEY_2': undeclared identifier
c:\users\user\documents\queens\oz modules\graphics\group project\trainvis\trainvis\src\graphics\../Core/Input.h(18): error C2065: 'GLFW_KEY_3': undeclared identifier
c:\users\user\documents\queens\oz modules\graphics\group project\trainvis\trainvis\src\graphics\../Core/Input.h(19): error C2065: 'GLFW_KEY_4': undeclared identifier
c:\users\user\documents\queens\oz modules\graphics\group project\trainvis\trainvis\src\graphics\../Core/Input.h(20): error C2065: 'GLFW_KEY_5': undeclared identifier
c:\users\user\documents\queens\oz modules\graphics\group project\trainvis\trainvis\src\graphics\../Core/Input.h(21): error C2065: 'GLFW_KEY_6': undeclared identifier
c:\users\user\documents\queens\oz modules\graphics\group project\trainvis\trainvis\src\graphics\../Core/Input.h(22): error C2065: 'GLFW_KEY_7': undeclared identifier
c:\users\user\documents\queens\oz modules\graphics\group project\trainvis\trainvis\src\graphics\../Core/Input.h(23): error C2065: 'GLFW_KEY_8': undeclared identifier
c:\users\user\documents\queens\oz modules\graphics\group project\trainvis\trainvis\src\graphics\../Core/Input.h(24): error C2065: 'GLFW_KEY_9': undeclared identifier
c:\users\user\documents\queens\oz modules\graphics\group project\trainvis\trainvis\src\graphics\../Core/Input.h(25): error C2065: 'GLFW_KEY_SEMICOLON': undeclared identifier
c:\users\user\documents\queens\oz modules\graphics\group project\trainvis\trainvis\src\graphics\../Core/Input.h(26): error C2065: 'GLFW_KEY_EQUAL': undeclared identifier
c:\users\user\documents\queens\oz modules\graphics\group project\trainvis\trainvis\src\graphics\../Core/Input.h(27): error C2065: 'GLFW_KEY_A': undeclared identifier
c:\users\user\documents\queens\oz modules\graphics\group project\trainvis\trainvis\src\graphics\../Core/Input.h(28): error C2065: 'GLFW_KEY_B': undeclared identifier
c:\users\user\documents\queens\oz modules\graphics\group project\trainvis\trainvis\src\graphics\../Core/Input.h(29): error C2065: 'GLFW_KEY_C': undeclared identifier
c:\users\user\documents\queens\oz modules\graphics\group project\trainvis\trainvis\src\graphics\../Core/Input.h(30): error C2065: 'GLFW_KEY_D': undeclared identifier
c:\users\user\documents\queens\oz modules\graphics\group project\trainvis\trainvis\src\graphics\../Core/Input.h(31): error C2065: 'GLFW_KEY_E': undeclared identifier
c:\users\user\documents\queens\oz modules\graphics\group project\trainvis\trainvis\src\graphics\../Core/Input.h(32): error C2065: 'GLFW_KEY_F': undeclared identifier
c:\users\user\documents\queens\oz modules\graphics\group project\trainvis\trainvis\src\graphics\../Core/Input.h(33): error C2065: 'GLFW_KEY_G': undeclared identifier
c:\users\user\documents\queens\oz modules\graphics\group project\trainvis\trainvis\src\graphics\../Core/Input.h(34): error C2065: 'GLFW_KEY_H': undeclared identifier
c:\users\user\documents\queens\oz modules\graphics\group project\trainvis\trainvis\src\graphics\../Core/Input.h(35): error C2065: 'GLFW_KEY_I': undeclared identifier
c:\users\user\documents\queens\oz modules\graphics\group project\trainvis\trainvis\src\graphics\../Core/Input.h(36): error C2065: 'GLFW_KEY_J': undeclared identifier
c:\users\user\documents\queens\oz modules\graphics\group project\trainvis\trainvis\src\graphics\../Core/Input.h(37): error C2065: 'GLFW_KEY_K': undeclared identifier
c:\users\user\documents\queens\oz modules\graphics\group project\trainvis\trainvis\src\graphics\../Core/Input.h(38): error C2065: 'GLFW_KEY_L': undeclared identifier
c:\users\user\documents\queens\oz modules\graphics\group project\trainvis\trainvis\src\graphics\../Core/Input.h(39): error C2065: 'GLFW_KEY_M': undeclared identifier
c:\users\user\documents\queens\oz modules\graphics\group project\trainvis\trainvis\src\graphics\../Core/Input.h(40): error C2065: 'GLFW_KEY_N': undeclared identifier
c:\users\user\documents\queens\oz modules\graphics\group project\trainvis\trainvis\src\graphics\../Core/Input.h(41): error C2065: 'GLFW_KEY_O': undeclared identifier
c:\users\user\documents\queens\oz modules\graphics\group project\trainvis\trainvis\src\graphics\../Core/Input.h(42): error C2065: 'GLFW_KEY_P': undeclared identifier
c:\users\user\documents\queens\oz modules\graphics\group project\trainvis\trainvis\src\graphics\../Core/Input.h(43): error C2065: 'GLFW_KEY_Q': undeclared identifier
c:\users\user\documents\queens\oz modules\graphics\group project\trainvis\trainvis\src\graphics\../Core/Input.h(44): error C2065: 'GLFW_KEY_R': undeclared identifier
c:\users\user\documents\queens\oz modules\graphics\group project\trainvis\trainvis\src\graphics\../Core/Input.h(45): error C2065: 'GLFW_KEY_S': undeclared identifier
c:\users\user\documents\queens\oz modules\graphics\group project\trainvis\trainvis\src\graphics\../Core/Input.h(46): error C2065: 'GLFW_KEY_T': undeclared identifier
c:\users\user\documents\queens\oz modules\graphics\group project\trainvis\trainvis\src\graphics\../Core/Input.h(47): error C2065: 'GLFW_KEY_U': undeclared identifier
c:\users\user\documents\queens\oz modules\graphics\group project\trainvis\trainvis\src\graphics\../Core/Input.h(48): error C2065: 'GLFW_KEY_V': undeclared identifier
c:\users\user\documents\queens\oz modules\graphics\group project\trainvis\trainvis\src\graphics\../Core/Input.h(49): error C2065: 'GLFW_KEY_W': undeclared identifier
c:\users\user\documents\queens\oz modules\graphics\group project\trainvis\trainvis\src\graphics\../Core/Input.h(50): error C2065: 'GLFW_KEY_X': undeclared identifier
c:\users\user\documents\queens\oz modules\graphics\group project\trainvis\trainvis\src\graphics\../Core/Input.h(51): error C2065: 'GLFW_KEY_Y': undeclared identifier
c:\users\user\documents\queens\oz modules\graphics\group project\trainvis\trainvis\src\graphics\../Core/Input.h(52): error C2065: 'GLFW_KEY_Z': undeclared identifier
c:\users\user\documents\queens\oz modules\graphics\group project\trainvis\trainvis\src\graphics\../Core/Input.h(53): error C2065: 'GLFW_KEY_LEFT_BRACKET': undeclared identifier
c:\users\user\documents\queens\oz modules\graphics\group project\trainvis\trainvis\src\graphics\../Core/Input.h(54): error C2065: 'GLFW_KEY_BACKSLASH': undeclared identifier
c:\users\user\documents\queens\oz modules\graphics\group project\trainvis\trainvis\src\graphics\../Core/Input.h(55): error C2065: 'GLFW_KEY_RIGHT_BRACKET': undeclared identifier
c:\users\user\documents\queens\oz modules\graphics\group project\trainvis\trainvis\src\graphics\../Core/Input.h(56): error C2065: 'GLFW_KEY_GRAVE_ACCENT': undeclared identifier
c:\users\user\documents\queens\oz modules\graphics\group project\trainvis\trainvis\src\graphics\../Core/Input.h(57): error C2065: 'GLFW_KEY_WORLD_1': undeclared identifier
c:\users\user\documents\queens\oz modules\graphics\group project\trainvis\trainvis\src\graphics\../Core/Input.h(58): error C2065: 'GLFW_KEY_WORLD_2': undeclared identifier
c:\users\user\documents\queens\oz modules\graphics\group project\trainvis\trainvis\src\graphics\../Core/Input.h(61): error C2065: 'GLFW_KEY_ESCAPE': undeclared identifier
c:\users\user\documents\queens\oz modules\graphics\group project\trainvis\trainvis\src\graphics\../Core/Input.h(62): error C2065: 'GLFW_KEY_ENTER': undeclared identifier
c:\users\user\documents\queens\oz modules\graphics\group project\trainvis\trainvis\src\graphics\../Core/Input.h(63): error C2065: 'GLFW_KEY_TAB': undeclared identifier
c:\users\user\documents\queens\oz modules\graphics\group project\trainvis\trainvis\src\graphics\../Core/Input.h(64): error C2065: 'GLFW_KEY_BACKSPACE': undeclared identifier
c:\users\user\documents\queens\oz modules\graphics\group project\trainvis\trainvis\src\graphics\../Core/Input.h(65): error C2065: 'GLFW_KEY_INSERT': undeclared identifier
c:\users\user\documents\queens\oz modules\graphics\group project\trainvis\trainvis\src\graphics\../Core/Input.h(66): error C2065: 'GLFW_KEY_DELETE': undeclared identifier
c:\users\user\documents\queens\oz modules\graphics\group project\trainvis\trainvis\src\graphics\../Core/Input.h(67): error C2065: 'GLFW_KEY_RIGHT': undeclared identifier
c:\users\user\documents\queens\oz modules\graphics\group project\trainvis\trainvis\src\graphics\../Core/Input.h(68): error C2065: 'GLFW_KEY_LEFT': undeclared identifier
c:\users\user\documents\queens\oz modules\graphics\group project\trainvis\trainvis\src\graphics\../Core/Input.h(69): error C2065: 'GLFW_KEY_DOWN': undeclared identifier
c:\users\user\documents\queens\oz modules\graphics\group project\trainvis\trainvis\src\graphics\../Core/Input.h(70): error C2065: 'GLFW_KEY_UP': undeclared identifier
c:\users\user\documents\queens\oz modules\graphics\group project\trainvis\trainvis\src\graphics\../Core/Input.h(71): error C2065: 'GLFW_KEY_PAGE_UP': undeclared identifier
c:\users\user\documents\queens\oz modules\graphics\group project\trainvis\trainvis\src\graphics\../Core/Input.h(72): error C2065: 'GLFW_KEY_PAGE_DOWN': undeclared identifier
c:\users\user\documents\queens\oz modules\graphics\group project\trainvis\trainvis\src\graphics\../Core/Input.h(73): error C2065: 'GLFW_KEY_HOME': undeclared identifier
c:\users\user\documents\queens\oz modules\graphics\group project\trainvis\trainvis\src\graphics\../Core/Input.h(74): error C2065: 'GLFW_KEY_END': undeclared identifier
c:\users\user\documents\queens\oz modules\graphics\group project\trainvis\trainvis\src\graphics\../Core/Input.h(75): error C2065: 'GLFW_KEY_CAPS_LOCK': undeclared identifier
c:\users\user\documents\queens\oz modules\graphics\group project\trainvis\trainvis\src\graphics\../Core/Input.h(76): error C2065: 'GLFW_KEY_SCROLL_LOCK': undeclared identifier
c:\users\user\documents\queens\oz modules\graphics\group project\trainvis\trainvis\src\graphics\../Core/Input.h(77): error C2065: 'GLFW_KEY_NUM_LOCK': undeclared identifier
c:\users\user\documents\queens\oz modules\graphics\group project\trainvis\trainvis\src\graphics\../Core/Input.h(78): error C2065: 'GLFW_KEY_PRINT_SCREEN': undeclared identifier
c:\users\user\documents\queens\oz modules\graphics\group project\trainvis\trainvis\src\graphics\../Core/Input.h(79): error C2065: 'GLFW_KEY_PAUSE': undeclared identifier
c:\users\user\documents\queens\oz modules\graphics\group project\trainvis\trainvis\src\graphics\../Core/Input.h(80): error C2065: 'GLFW_KEY_F1': undeclared identifier
c:\users\user\documents\queens\oz modules\graphics\group project\trainvis\trainvis\src\graphics\../Core/Input.h(81): error C2065: 'GLFW_KEY_F2': undeclared identifier
c:\users\user\documents\queens\oz modules\graphics\group project\trainvis\trainvis\src\graphics\../Core/Input.h(82): error C2065: 'GLFW_KEY_F3': undeclared identifier
c:\users\user\documents\queens\oz modules\graphics\group project\trainvis\trainvis\src\graphics\../Core/Input.h(83): error C2065: 'GLFW_KEY_F4': undeclared identifier
c:\users\user\documents\queens\oz modules\graphics\group project\trainvis\trainvis\src\graphics\../Core/Input.h(84): error C2065: 'GLFW_KEY_F5': undeclared identifier
c:\users\user\documents\queens\oz modules\graphics\group project\trainvis\trainvis\src\graphics\../Core/Input.h(85): error C2065: 'GLFW_KEY_F6': undeclared identifier
c:\users\user\documents\queens\oz modules\graphics\group project\trainvis\trainvis\src\graphics\../Core/Input.h(86): error C2065: 'GLFW_KEY_F7': undeclared identifier
c:\users\user\documents\queens\oz modules\graphics\group project\trainvis\trainvis\src\graphics\../Core/Input.h(87): error C2065: 'GLFW_KEY_F8': undeclared identifier
c:\users\user\documents\queens\oz modules\graphics\group project\trainvis\trainvis\src\graphics\../Core/Input.h(88): error C2065: 'GLFW_KEY_F9': undeclared identifier
c:\users\user\documents\queens\oz modules\graphics\group project\trainvis\trainvis\src\graphics\../Core/Input.h(89): error C2065: 'GLFW_KEY_F10': undeclared identifier
c:\users\user\documents\queens\oz modules\graphics\group project\trainvis\trainvis\src\graphics\../Core/Input.h(90): error C2065: 'GLFW_KEY_F11': undeclared identifier
c:\users\user\documents\queens\oz modules\graphics\group project\trainvis\trainvis\src\graphics\../Core/Input.h(91): error C2065: 'GLFW_KEY_F12': undeclared identifier
c:\users\user\documents\queens\oz modules\graphics\group project\trainvis\trainvis\src\graphics\../Core/Input.h(92): error C2065: 'GLFW_KEY_F13': undeclared identifier
c:\users\user\documents\queens\oz modules\graphics\group project\trainvis\trainvis\src\graphics\../Core/Input.h(93): error C2065: 'GLFW_KEY_F14': undeclared identifier
c:\users\user\documents\queens\oz modules\graphics\group project\trainvis\trainvis\src\graphics\../Core/Input.h(94): error C2065: 'GLFW_KEY_F15': undeclared identifier
c:\users\user\documents\queens\oz modules\graphics\group project\trainvis\trainvis\src\graphics\../Core/Input.h(95): error C2065: 'GLFW_KEY_F16': undeclared identifier
c:\users\user\documents\queens\oz modules\graphics\group project\trainvis\trainvis\src\graphics\../Core/Input.h(96): error C2065: 'GLFW_KEY_F17': undeclared identifier
c:\users\user\documents\queens\oz modules\graphics\group project\trainvis\trainvis\src\graphics\../Core/Input.h(97): error C2065: 'GLFW_KEY_F18': undeclared identifier
c:\users\user\documents\queens\oz modules\graphics\group project\trainvis\trainvis\src\graphics\../Core/Input.h(98): error C2065: 'GLFW_KEY_F19': undeclared identifier
c:\users\user\documents\queens\oz modules\graphics\group project\trainvis\trainvis\src\graphics\../Core/Input.h(99): error C2065: 'GLFW_KEY_F20': undeclared identifier
c:\users\user\documents\queens\oz modules\graphics\group project\trainvis\trainvis\src\graphics\../Core/Input.h(100): error C2065: 'GLFW_KEY_F21': undeclared identifier
c:\users\user\documents\queens\oz modules\graphics\group project\trainvis\trainvis\src\graphics\../Core/Input.h(101): error C2065: 'GLFW_KEY_F22': undeclared identifier
c:\users\user\documents\queens\oz modules\graphics\group project\trainvis\trainvis\src\graphics\../Core/Input.h(102): error C2065: 'GLFW_KEY_F23': undeclared identifier
c:\users\user\documents\queens\oz modules\graphics\group project\trainvis\trainvis\src\graphics\../Core/Input.h(103): error C2065: 'GLFW_KEY_F24': undeclared identifier
c:\users\user\documents\queens\oz modules\graphics\group project\trainvis\trainvis\src\graphics\../Core/Input.h(104): error C2065: 'GLFW_KEY_F25': undeclared identifier
c:\users\user\documents\queens\oz modules\graphics\group project\trainvis\trainvis\src\graphics\../Core/Input.h(105): error C2065: 'GLFW_KEY_KP_0': undeclared identifier
c:\users\user\documents\queens\oz modules\graphics\group project\trainvis\trainvis\src\graphics\../Core/Input.h(106): error C2065: 'GLFW_KEY_KP_1': undeclared identifier
c:\users\user\documents\queens\oz modules\graphics\group project\trainvis\trainvis\src\graphics\../Core/Input.h(107): error C2065: 'GLFW_KEY_KP_2': undeclared identifier
c:\users\user\documents\queens\oz modules\graphics\group project\trainvis\trainvis\src\graphics\../Core/Input.h(108): error C2065: 'GLFW_KEY_KP_3': undeclared identifier
c:\users\user\documents\queens\oz modules\graphics\group project\trainvis\trainvis\src\graphics\../Core/Input.h(109): error C2065: 'GLFW_KEY_KP_4': undeclared identifier
c:\users\user\documents\queens\oz modules\graphics\group project\trainvis\trainvis\src\graphics\../Core/Input.h(110): error C2065: 'GLFW_KEY_KP_5': undeclared identifier
c:\users\user\documents\queens\oz modules\graphics\group project\trainvis\trainvis\src\graphics\../Core/Input.h(110): fatal error C1003: error count exceeds 100; stopping compilation
  BaseApplication.cpp
c:\users\user\documents\queens\oz modules\graphics\group project\trainvis\trainvis\src\graphics\../Core/Input.h(7): error C2065: 'GLFW_KEY_UNKNOWN': undeclared identifier
c:\users\user\documents\queens\oz modules\graphics\group project\trainvis\trainvis\src\graphics\../Core/Input.h(9): error C2065: 'GLFW_KEY_SPACE': undeclared identifier
c:\users\user\documents\queens\oz modules\graphics\group project\trainvis\trainvis\src\graphics\../Core/Input.h(10): error C2065: 'GLFW_KEY_APOSTROPHE': undeclared identifier
c:\users\user\documents\queens\oz modules\graphics\group project\trainvis\trainvis\src\graphics\../Core/Input.h(11): error C2065: 'GLFW_KEY_COMMA': undeclared identifier
c:\users\user\documents\queens\oz modules\graphics\group project\trainvis\trainvis\src\graphics\../Core/Input.h(12): error C2065: 'GLFW_KEY_MINUS': undeclared identifier
c:\users\user\documents\queens\oz modules\graphics\group project\trainvis\trainvis\src\graphics\../Core/Input.h(13): error C2065: 'GLFW_KEY_PERIOD': undeclared identifier
c:\users\user\documents\queens\oz modules\graphics\group project\trainvis\trainvis\src\graphics\../Core/Input.h(14): error C2065: 'GLFW_KEY_SLASH': undeclared identifier
c:\users\user\documents\queens\oz modules\graphics\group project\trainvis\trainvis\src\graphics\../Core/Input.h(15): error C2065: 'GLFW_KEY_0': undeclared identifier
c:\users\user\documents\queens\oz modules\graphics\group project\trainvis\trainvis\src\graphics\../Core/Input.h(16): error C2065: 'GLFW_KEY_1': undeclared identifier
c:\users\user\documents\queens\oz modules\graphics\group project\trainvis\trainvis\src\graphics\../Core/Input.h(17): error C2065: 'GLFW_KEY_2': undeclared identifier
c:\users\user\documents\queens\oz modules\graphics\group project\trainvis\trainvis\src\graphics\../Core/Input.h(18): error C2065: 'GLFW_KEY_3': undeclared identifier
c:\users\user\documents\queens\oz modules\graphics\group project\trainvis\trainvis\src\graphics\../Core/Input.h(19): error C2065: 'GLFW_KEY_4': undeclared identifier
c:\users\user\documents\queens\oz modules\graphics\group project\trainvis\trainvis\src\graphics\../Core/Input.h(20): error C2065: 'GLFW_KEY_5': undeclared identifier
c:\users\user\documents\queens\oz modules\graphics\group project\trainvis\trainvis\src\graphics\../Core/Input.h(21): error C2065: 'GLFW_KEY_6': undeclared identifier
c:\users\user\documents\queens\oz modules\graphics\group project\trainvis\trainvis\src\graphics\../Core/Input.h(22): error C2065: 'GLFW_KEY_7': undeclared identifier
c:\users\user\documents\queens\oz modules\graphics\group project\trainvis\trainvis\src\graphics\../Core/Input.h(23): error C2065: 'GLFW_KEY_8': undeclared identifier
c:\users\user\documents\queens\oz modules\graphics\group project\trainvis\trainvis\src\graphics\../Core/Input.h(24): error C2065: 'GLFW_KEY_9': undeclared identifier
c:\users\user\documents\queens\oz modules\graphics\group project\trainvis\trainvis\src\graphics\../Core/Input.h(25): error C2065: 'GLFW_KEY_SEMICOLON': undeclared identifier
c:\users\user\documents\queens\oz modules\graphics\group project\trainvis\trainvis\src\graphics\../Core/Input.h(26): error C2065: 'GLFW_KEY_EQUAL': undeclared identifier
c:\users\user\documents\queens\oz modules\graphics\group project\trainvis\trainvis\src\graphics\../Core/Input.h(27): error C2065: 'GLFW_KEY_A': undeclared identifier
c:\users\user\documents\queens\oz modules\graphics\group project\trainvis\trainvis\src\graphics\../Core/Input.h(28): error C2065: 'GLFW_KEY_B': undeclared identifier
c:\users\user\documents\queens\oz modules\graphics\group project\trainvis\trainvis\src\graphics\../Core/Input.h(29): error C2065: 'GLFW_KEY_C': undeclared identifier
c:\users\user\documents\queens\oz modules\graphics\group project\trainvis\trainvis\src\graphics\../Core/Input.h(30): error C2065: 'GLFW_KEY_D': undeclared identifier
c:\users\user\documents\queens\oz modules\graphics\group project\trainvis\trainvis\src\graphics\../Core/Input.h(31): error C2065: 'GLFW_KEY_E': undeclared identifier
c:\users\user\documents\queens\oz modules\graphics\group project\trainvis\trainvis\src\graphics\../Core/Input.h(32): error C2065: 'GLFW_KEY_F': undeclared identifier
c:\users\user\documents\queens\oz modules\graphics\group project\trainvis\trainvis\src\graphics\../Core/Input.h(33): error C2065: 'GLFW_KEY_G': undeclared identifier
c:\users\user\documents\queens\oz modules\graphics\group project\trainvis\trainvis\src\graphics\../Core/Input.h(34): error C2065: 'GLFW_KEY_H': undeclared identifier
c:\users\user\documents\queens\oz modules\graphics\group project\trainvis\trainvis\src\graphics\../Core/Input.h(35): error C2065: 'GLFW_KEY_I': undeclared identifier
c:\users\user\documents\queens\oz modules\graphics\group project\trainvis\trainvis\src\graphics\../Core/Input.h(36): error C2065: 'GLFW_KEY_J': undeclared identifier
c:\users\user\documents\queens\oz modules\graphics\group project\trainvis\trainvis\src\graphics\../Core/Input.h(37): error C2065: 'GLFW_KEY_K': undeclared identifier
c:\users\user\documents\queens\oz modules\graphics\group project\trainvis\trainvis\src\graphics\../Core/Input.h(38): error C2065: 'GLFW_KEY_L': undeclared identifier
c:\users\user\documents\queens\oz modules\graphics\group project\trainvis\trainvis\src\graphics\../Core/Input.h(39): error C2065: 'GLFW_KEY_M': undeclared identifier
c:\users\user\documents\queens\oz modules\graphics\group project\trainvis\trainvis\src\graphics\../Core/Input.h(40): error C2065: 'GLFW_KEY_N': undeclared identifier
c:\users\user\documents\queens\oz modules\graphics\group project\trainvis\trainvis\src\graphics\../Core/Input.h(41): error C2065: 'GLFW_KEY_O': undeclared identifier
c:\users\user\documents\queens\oz modules\graphics\group project\trainvis\trainvis\src\graphics\../Core/Input.h(42): error C2065: 'GLFW_KEY_P': undeclared identifier
c:\users\user\documents\queens\oz modules\graphics\group project\trainvis\trainvis\src\graphics\../Core/Input.h(43): error C2065: 'GLFW_KEY_Q': undeclared identifier
c:\users\user\documents\queens\oz modules\graphics\group project\trainvis\trainvis\src\graphics\../Core/Input.h(44): error C2065: 'GLFW_KEY_R': undeclared identifier
c:\users\user\documents\queens\oz modules\graphics\group project\trainvis\trainvis\src\graphics\../Core/Input.h(45): error C2065: 'GLFW_KEY_S': undeclared identifier
c:\users\user\documents\queens\oz modules\graphics\group project\trainvis\trainvis\src\graphics\../Core/Input.h(46): error C2065: 'GLFW_KEY_T': undeclared identifier
c:\users\user\documents\queens\oz modules\graphics\group project\trainvis\trainvis\src\graphics\../Core/Input.h(47): error C2065: 'GLFW_KEY_U': undeclared identifier
c:\users\user\documents\queens\oz modules\graphics\group project\trainvis\trainvis\src\graphics\../Core/Input.h(48): error C2065: 'GLFW_KEY_V': undeclared identifier
c:\users\user\documents\queens\oz modules\graphics\group project\trainvis\trainvis\src\graphics\../Core/Input.h(49): error C2065: 'GLFW_KEY_W': undeclared identifier
c:\users\user\documents\queens\oz modules\graphics\group project\trainvis\trainvis\src\graphics\../Core/Input.h(50): error C2065: 'GLFW_KEY_X': undeclared identifier
c:\users\user\documents\queens\oz modules\graphics\group project\trainvis\trainvis\src\graphics\../Core/Input.h(51): error C2065: 'GLFW_KEY_Y': undeclared identifier
c:\users\user\documents\queens\oz modules\graphics\group project\trainvis\trainvis\src\graphics\../Core/Input.h(52): error C2065: 'GLFW_KEY_Z': undeclared identifier
c:\users\user\documents\queens\oz modules\graphics\group project\trainvis\trainvis\src\graphics\../Core/Input.h(53): error C2065: 'GLFW_KEY_LEFT_BRACKET': undeclared identifier
c:\users\user\documents\queens\oz modules\graphics\group project\trainvis\trainvis\src\graphics\../Core/Input.h(54): error C2065: 'GLFW_KEY_BACKSLASH': undeclared identifier
c:\users\user\documents\queens\oz modules\graphics\group project\trainvis\trainvis\src\graphics\../Core/Input.h(55): error C2065: 'GLFW_KEY_RIGHT_BRACKET': undeclared identifier
c:\users\user\documents\queens\oz modules\graphics\group project\trainvis\trainvis\src\graphics\../Core/Input.h(56): error C2065: 'GLFW_KEY_GRAVE_ACCENT': undeclared identifier
c:\users\user\documents\queens\oz modules\graphics\group project\trainvis\trainvis\src\graphics\../Core/Input.h(57): error C2065: 'GLFW_KEY_WORLD_1': undeclared identifier
c:\users\user\documents\queens\oz modules\graphics\group project\trainvis\trainvis\src\graphics\../Core/Input.h(58): error C2065: 'GLFW_KEY_WORLD_2': undeclared identifier
c:\users\user\documents\queens\oz modules\graphics\group project\trainvis\trainvis\src\graphics\../Core/Input.h(61): error C2065: 'GLFW_KEY_ESCAPE': undeclared identifier
c:\users\user\documents\queens\oz modules\graphics\group project\trainvis\trainvis\src\graphics\../Core/Input.h(62): error C2065: 'GLFW_KEY_ENTER': undeclared identifier
c:\users\user\documents\queens\oz modules\graphics\group project\trainvis\trainvis\src\graphics\../Core/Input.h(63): error C2065: 'GLFW_KEY_TAB': undeclared identifier
c:\users\user\documents\queens\oz modules\graphics\group project\trainvis\trainvis\src\graphics\../Core/Input.h(64): error C2065: 'GLFW_KEY_BACKSPACE': undeclared identifier
c:\users\user\documents\queens\oz modules\graphics\group project\trainvis\trainvis\src\graphics\../Core/Input.h(65): error C2065: 'GLFW_KEY_INSERT': undeclared identifier
c:\users\user\documents\queens\oz modules\graphics\group project\trainvis\trainvis\src\graphics\../Core/Input.h(66): error C2065: 'GLFW_KEY_DELETE': undeclared identifier
c:\users\user\documents\queens\oz modules\graphics\group project\trainvis\trainvis\src\graphics\../Core/Input.h(67): error C2065: 'GLFW_KEY_RIGHT': undeclared identifier
c:\users\user\documents\queens\oz modules\graphics\group project\trainvis\trainvis\src\graphics\../Core/Input.h(68): error C2065: 'GLFW_KEY_LEFT': undeclared identifier
c:\users\user\documents\queens\oz modules\graphics\group project\trainvis\trainvis\src\graphics\../Core/Input.h(69): error C2065: 'GLFW_KEY_DOWN': undeclared identifier
c:\users\user\documents\queens\oz modules\graphics\group project\trainvis\trainvis\src\graphics\../Core/Input.h(70): error C2065: 'GLFW_KEY_UP': undeclared identifier
c:\users\user\documents\queens\oz modules\graphics\group project\trainvis\trainvis\src\graphics\../Core/Input.h(71): error C2065: 'GLFW_KEY_PAGE_UP': undeclared identifier
c:\users\user\documents\queens\oz modules\graphics\group project\trainvis\trainvis\src\graphics\../Core/Input.h(72): error C2065: 'GLFW_KEY_PAGE_DOWN': undeclared identifier
c:\users\user\documents\queens\oz modules\graphics\group project\trainvis\trainvis\src\graphics\../Core/Input.h(73): error C2065: 'GLFW_KEY_HOME': undeclared identifier
c:\users\user\documents\queens\oz modules\graphics\group project\trainvis\trainvis\src\graphics\../Core/Input.h(74): error C2065: 'GLFW_KEY_END': undeclared identifier
c:\users\user\documents\queens\oz modules\graphics\group project\trainvis\trainvis\src\graphics\../Core/Input.h(75): error C2065: 'GLFW_KEY_CAPS_LOCK': undeclared identifier
c:\users\user\documents\queens\oz modules\graphics\group project\trainvis\trainvis\src\graphics\../Core/Input.h(76): error C2065: 'GLFW_KEY_SCROLL_LOCK': undeclared identifier
c:\users\user\documents\queens\oz modules\graphics\group project\trainvis\trainvis\src\graphics\../Core/Input.h(77): error C2065: 'GLFW_KEY_NUM_LOCK': undeclared identifier
c:\users\user\documents\queens\oz modules\graphics\group project\trainvis\trainvis\src\graphics\../Core/Input.h(78): error C2065: 'GLFW_KEY_PRINT_SCREEN': undeclared identifier
c:\users\user\documents\queens\oz modules\graphics\group project\trainvis\trainvis\src\graphics\../Core/Input.h(79): error C2065: 'GLFW_KEY_PAUSE': undeclared identifier
c:\users\user\documents\queens\oz modules\graphics\group project\trainvis\trainvis\src\graphics\../Core/Input.h(80): error C2065: 'GLFW_KEY_F1': undeclared identifier
c:\users\user\documents\queens\oz modules\graphics\group project\trainvis\trainvis\src\graphics\../Core/Input.h(81): error C2065: 'GLFW_KEY_F2': undeclared identifier
c:\users\user\documents\queens\oz modules\graphics\group project\trainvis\trainvis\src\graphics\../Core/Input.h(82): error C2065: 'GLFW_KEY_F3': undeclared identifier
c:\users\user\documents\queens\oz modules\graphics\group project\trainvis\trainvis\src\graphics\../Core/Input.h(83): error C2065: 'GLFW_KEY_F4': undeclared identifier
c:\users\user\documents\queens\oz modules\graphics\group project\trainvis\trainvis\src\graphics\../Core/Input.h(84): error C2065: 'GLFW_KEY_F5': undeclared identifier
c:\users\user\documents\queens\oz modules\graphics\group project\trainvis\trainvis\src\graphics\../Core/Input.h(85): error C2065: 'GLFW_KEY_F6': undeclared identifier
c:\users\user\documents\queens\oz modules\graphics\group project\trainvis\trainvis\src\graphics\../Core/Input.h(86): error C2065: 'GLFW_KEY_F7': undeclared identifier
c:\users\user\documents\queens\oz modules\graphics\group project\trainvis\trainvis\src\graphics\../Core/Input.h(87): error C2065: 'GLFW_KEY_F8': undeclared identifier
c:\users\user\documents\queens\oz modules\graphics\group project\trainvis\trainvis\src\graphics\../Core/Input.h(88): error C2065: 'GLFW_KEY_F9': undeclared identifier
c:\users\user\documents\queens\oz modules\graphics\group project\trainvis\trainvis\src\graphics\../Core/Input.h(89): error C2065: 'GLFW_KEY_F10': undeclared identifier
c:\users\user\documents\queens\oz modules\graphics\group project\trainvis\trainvis\src\graphics\../Core/Input.h(90): error C2065: 'GLFW_KEY_F11': undeclared identifier
c:\users\user\documents\queens\oz modules\graphics\group project\trainvis\trainvis\src\graphics\../Core/Input.h(91): error C2065: 'GLFW_KEY_F12': undeclared identifier
c:\users\user\documents\queens\oz modules\graphics\group project\trainvis\trainvis\src\graphics\../Core/Input.h(92): error C2065: 'GLFW_KEY_F13': undeclared identifier
c:\users\user\documents\queens\oz modules\graphics\group project\trainvis\trainvis\src\graphics\../Core/Input.h(93): error C2065: 'GLFW_KEY_F14': undeclared identifier
c:\users\user\documents\queens\oz modules\graphics\group project\trainvis\trainvis\src\graphics\../Core/Input.h(94): error C2065: 'GLFW_KEY_F15': undeclared identifier
c:\users\user\documents\queens\oz modules\graphics\group project\trainvis\trainvis\src\graphics\../Core/Input.h(95): error C2065: 'GLFW_KEY_F16': undeclared identifier
c:\users\user\documents\queens\oz modules\graphics\group project\trainvis\trainvis\src\graphics\../Core/Input.h(96): error C2065: 'GLFW_KEY_F17': undeclared identifier
c:\users\user\documents\queens\oz modules\graphics\group project\trainvis\trainvis\src\graphics\../Core/Input.h(97): error C2065: 'GLFW_KEY_F18': undeclared identifier
c:\users\user\documents\queens\oz modules\graphics\group project\trainvis\trainvis\src\graphics\../Core/Input.h(98): error C2065: 'GLFW_KEY_F19': undeclared identifier
c:\users\user\documents\queens\oz modules\graphics\group project\trainvis\trainvis\src\graphics\../Core/Input.h(99): error C2065: 'GLFW_KEY_F20': undeclared identifier
c:\users\user\documents\queens\oz modules\graphics\group project\trainvis\trainvis\src\graphics\../Core/Input.h(100): error C2065: 'GLFW_KEY_F21': undeclared identifier
c:\users\user\documents\queens\oz modules\graphics\group project\trainvis\trainvis\src\graphics\../Core/Input.h(101): error C2065: 'GLFW_KEY_F22': undeclared identifier
c:\users\user\documents\queens\oz modules\graphics\group project\trainvis\trainvis\src\graphics\../Core/Input.h(102): error C2065: 'GLFW_KEY_F23': undeclared identifier
c:\users\user\documents\queens\oz modules\graphics\group project\trainvis\trainvis\src\graphics\../Core/Input.h(103): error C2065: 'GLFW_KEY_F24': undeclared identifier
c:\users\user\documents\queens\oz modules\graphics\group project\trainvis\trainvis\src\graphics\../Core/Input.h(104): error C2065: 'GLFW_KEY_F25': undeclared identifier
c:\users\user\documents\queens\oz modules\graphics\group project\trainvis\trainvis\src\graphics\../Core/Input.h(105): error C2065: 'GLFW_KEY_KP_0': undeclared identifier
c:\users\user\documents\queens\oz modules\graphics\group project\trainvis\trainvis\src\graphics\../Core/Input.h(106): error C2065: 'GLFW_KEY_KP_1': undeclared identifier
c:\users\user\documents\queens\oz modules\graphics\group project\trainvis\trainvis\src\graphics\../Core/Input.h(107): error C2065: 'GLFW_KEY_KP_2': undeclared identifier
c:\users\user\documents\queens\oz modules\graphics\group project\trainvis\trainvis\src\graphics\../Core/Input.h(108): error C2065: 'GLFW_KEY_KP_3': undeclared identifier
c:\users\user\documents\queens\oz modules\graphics\group project\trainvis\trainvis\src\graphics\../Core/Input.h(109): error C2065: 'GLFW_KEY_KP_4': undeclared identifier
c:\users\user\documents\queens\oz modules\graphics\group project\trainvis\trainvis\src\graphics\../Core/Input.h(110): error C2065: 'GLFW_KEY_KP_5': undeclared identifier
c:\users\user\documents\queens\oz modules\graphics\group project\trainvis\trainvis\src\graphics\../Core/Input.h(110): fatal error C1003: error count exceeds 100; stopping compilation
  RenderWindow.cpp
c:\users\user\documents\queens\oz modules\graphics\group project\trainvis\trainvis\src\graphics\../Core/Input.h(7): error C2065: 'GLFW_KEY_UNKNOWN': undeclared identifier
c:\users\user\documents\queens\oz modules\graphics\group project\trainvis\trainvis\src\graphics\../Core/Input.h(9): error C2065: 'GLFW_KEY_SPACE': undeclared identifier
c:\users\user\documents\queens\oz modules\graphics\group project\trainvis\trainvis\src\graphics\../Core/Input.h(10): error C2065: 'GLFW_KEY_APOSTROPHE': undeclared identifier
c:\users\user\documents\queens\oz modules\graphics\group project\trainvis\trainvis\src\graphics\../Core/Input.h(11): error C2065: 'GLFW_KEY_COMMA': undeclared identifier
c:\users\user\documents\queens\oz modules\graphics\group project\trainvis\trainvis\src\graphics\../Core/Input.h(12): error C2065: 'GLFW_KEY_MINUS': undeclared identifier
c:\users\user\documents\queens\oz modules\graphics\group project\trainvis\trainvis\src\graphics\../Core/Input.h(13): error C2065: 'GLFW_KEY_PERIOD': undeclared identifier
c:\users\user\documents\queens\oz modules\graphics\group project\trainvis\trainvis\src\graphics\../Core/Input.h(14): error C2065: 'GLFW_KEY_SLASH': undeclared identifier
c:\users\user\documents\queens\oz modules\graphics\group project\trainvis\trainvis\src\graphics\../Core/Input.h(15): error C2065: 'GLFW_KEY_0': undeclared identifier
c:\users\user\documents\queens\oz modules\graphics\group project\trainvis\trainvis\src\graphics\../Core/Input.h(16): error C2065: 'GLFW_KEY_1': undeclared identifier
c:\users\user\documents\queens\oz modules\graphics\group project\trainvis\trainvis\src\graphics\../Core/Input.h(17): error C2065: 'GLFW_KEY_2': undeclared identifier
c:\users\user\documents\queens\oz modules\graphics\group project\trainvis\trainvis\src\graphics\../Core/Input.h(18): error C2065: 'GLFW_KEY_3': undeclared identifier
c:\users\user\documents\queens\oz modules\graphics\group project\trainvis\trainvis\src\graphics\../Core/Input.h(19): error C2065: 'GLFW_KEY_4': undeclared identifier
c:\users\user\documents\queens\oz modules\graphics\group project\trainvis\trainvis\src\graphics\../Core/Input.h(20): error C2065: 'GLFW_KEY_5': undeclared identifier
c:\users\user\documents\queens\oz modules\graphics\group project\trainvis\trainvis\src\graphics\../Core/Input.h(21): error C2065: 'GLFW_KEY_6': undeclared identifier
c:\users\user\documents\queens\oz modules\graphics\group project\trainvis\trainvis\src\graphics\../Core/Input.h(22): error C2065: 'GLFW_KEY_7': undeclared identifier
c:\users\user\documents\queens\oz modules\graphics\group project\trainvis\trainvis\src\graphics\../Core/Input.h(23): error C2065: 'GLFW_KEY_8': undeclared identifier
c:\users\user\documents\queens\oz modules\graphics\group project\trainvis\trainvis\src\graphics\../Core/Input.h(24): error C2065: 'GLFW_KEY_9': undeclared identifier
c:\users\user\documents\queens\oz modules\graphics\group project\trainvis\trainvis\src\graphics\../Core/Input.h(25): error C2065: 'GLFW_KEY_SEMICOLON': undeclared identifier
c:\users\user\documents\queens\oz modules\graphics\group project\trainvis\trainvis\src\graphics\../Core/Input.h(26): error C2065: 'GLFW_KEY_EQUAL': undeclared identifier
c:\users\user\documents\queens\oz modules\graphics\group project\trainvis\trainvis\src\graphics\../Core/Input.h(27): error C2065: 'GLFW_KEY_A': undeclared identifier
c:\users\user\documents\queens\oz modules\graphics\group project\trainvis\trainvis\src\graphics\../Core/Input.h(28): error C2065: 'GLFW_KEY_B': undeclared identifier
c:\users\user\documents\queens\oz modules\graphics\group project\trainvis\trainvis\src\graphics\../Core/Input.h(29): error C2065: 'GLFW_KEY_C': undeclared identifier
c:\users\user\documents\queens\oz modules\graphics\group project\trainvis\trainvis\src\graphics\../Core/Input.h(30): error C2065: 'GLFW_KEY_D': undeclared identifier
c:\users\user\documents\queens\oz modules\graphics\group project\trainvis\trainvis\src\graphics\../Core/Input.h(31): error C2065: 'GLFW_KEY_E': undeclared identifier
c:\users\user\documents\queens\oz modules\graphics\group project\trainvis\trainvis\src\graphics\../Core/Input.h(32): error C2065: 'GLFW_KEY_F': undeclared identifier
c:\users\user\documents\queens\oz modules\graphics\group project\trainvis\trainvis\src\graphics\../Core/Input.h(33): error C2065: 'GLFW_KEY_G': undeclared identifier
c:\users\user\documents\queens\oz modules\graphics\group project\trainvis\trainvis\src\graphics\../Core/Input.h(34): error C2065: 'GLFW_KEY_H': undeclared identifier
c:\users\user\documents\queens\oz modules\graphics\group project\trainvis\trainvis\src\graphics\../Core/Input.h(35): error C2065: 'GLFW_KEY_I': undeclared identifier
c:\users\user\documents\queens\oz modules\graphics\group project\trainvis\trainvis\src\graphics\../Core/Input.h(36): error C2065: 'GLFW_KEY_J': undeclared identifier
c:\users\user\documents\queens\oz modules\graphics\group project\trainvis\trainvis\src\graphics\../Core/Input.h(37): error C2065: 'GLFW_KEY_K': undeclared identifier
c:\users\user\documents\queens\oz modules\graphics\group project\trainvis\trainvis\src\graphics\../Core/Input.h(38): error C2065: 'GLFW_KEY_L': undeclared identifier
c:\users\user\documents\queens\oz modules\graphics\group project\trainvis\trainvis\src\graphics\../Core/Input.h(39): error C2065: 'GLFW_KEY_M': undeclared identifier
c:\users\user\documents\queens\oz modules\graphics\group project\trainvis\trainvis\src\graphics\../Core/Input.h(40): error C2065: 'GLFW_KEY_N': undeclared identifier
c:\users\user\documents\queens\oz modules\graphics\group project\trainvis\trainvis\src\graphics\../Core/Input.h(41): error C2065: 'GLFW_KEY_O': undeclared identifier
c:\users\user\documents\queens\oz modules\graphics\group project\trainvis\trainvis\src\graphics\../Core/Input.h(42): error C2065: 'GLFW_KEY_P': undeclared identifier
c:\users\user\documents\queens\oz modules\graphics\group project\trainvis\trainvis\src\graphics\../Core/Input.h(43): error C2065: 'GLFW_KEY_Q': undeclared identifier
c:\users\user\documents\queens\oz modules\graphics\group project\trainvis\trainvis\src\graphics\../Core/Input.h(44): error C2065: 'GLFW_KEY_R': undeclared identifier
c:\users\user\documents\queens\oz modules\graphics\group project\trainvis\trainvis\src\graphics\../Core/Input.h(45): error C2065: 'GLFW_KEY_S': undeclared identifier
c:\users\user\documents\queens\oz modules\graphics\group project\trainvis\trainvis\src\graphics\../Core/Input.h(46): error C2065: 'GLFW_KEY_T': undeclared identifier
c:\users\user\documents\queens\oz modules\graphics\group project\trainvis\trainvis\src\graphics\../Core/Input.h(47): error C2065: 'GLFW_KEY_U': undeclared identifier
c:\users\user\documents\queens\oz modules\graphics\group project\trainvis\trainvis\src\graphics\../Core/Input.h(48): error C2065: 'GLFW_KEY_V': undeclared identifier
c:\users\user\documents\queens\oz modules\graphics\group project\trainvis\trainvis\src\graphics\../Core/Input.h(49): error C2065: 'GLFW_KEY_W': undeclared identifier
c:\users\user\documents\queens\oz modules\graphics\group project\trainvis\trainvis\src\graphics\../Core/Input.h(50): error C2065: 'GLFW_KEY_X': undeclared identifier
c:\users\user\documents\queens\oz modules\graphics\group project\trainvis\trainvis\src\graphics\../Core/Input.h(51): error C2065: 'GLFW_KEY_Y': undeclared identifier
c:\users\user\documents\queens\oz modules\graphics\group project\trainvis\trainvis\src\graphics\../Core/Input.h(52): error C2065: 'GLFW_KEY_Z': undeclared identifier
c:\users\user\documents\queens\oz modules\graphics\group project\trainvis\trainvis\src\graphics\../Core/Input.h(53): error C2065: 'GLFW_KEY_LEFT_BRACKET': undeclared identifier
c:\users\user\documents\queens\oz modules\graphics\group project\trainvis\trainvis\src\graphics\../Core/Input.h(54): error C2065: 'GLFW_KEY_BACKSLASH': undeclared identifier
c:\users\user\documents\queens\oz modules\graphics\group project\trainvis\trainvis\src\graphics\../Core/Input.h(55): error C2065: 'GLFW_KEY_RIGHT_BRACKET': undeclared identifier
c:\users\user\documents\queens\oz modules\graphics\group project\trainvis\trainvis\src\graphics\../Core/Input.h(56): error C2065: 'GLFW_KEY_GRAVE_ACCENT': undeclared identifier
c:\users\user\documents\queens\oz modules\graphics\group project\trainvis\trainvis\src\graphics\../Core/Input.h(57): error C2065: 'GLFW_KEY_WORLD_1': undeclared identifier
c:\users\user\documents\queens\oz modules\graphics\group project\trainvis\trainvis\src\graphics\../Core/Input.h(58): error C2065: 'GLFW_KEY_WORLD_2': undeclared identifier
c:\users\user\documents\queens\oz modules\graphics\group project\trainvis\trainvis\src\graphics\../Core/Input.h(61): error C2065: 'GLFW_KEY_ESCAPE': undeclared identifier
c:\users\user\documents\queens\oz modules\graphics\group project\trainvis\trainvis\src\graphics\../Core/Input.h(62): error C2065: 'GLFW_KEY_ENTER': undeclared identifier
c:\users\user\documents\queens\oz modules\graphics\group project\trainvis\trainvis\src\graphics\../Core/Input.h(63): error C2065: 'GLFW_KEY_TAB': undeclared identifier
c:\users\user\documents\queens\oz modules\graphics\group project\trainvis\trainvis\src\graphics\../Core/Input.h(64): error C2065: 'GLFW_KEY_BACKSPACE': undeclared identifier
c:\users\user\documents\queens\oz modules\graphics\group project\trainvis\trainvis\src\graphics\../Core/Input.h(65): error C2065: 'GLFW_KEY_INSERT': undeclared identifier
c:\users\user\documents\queens\oz modules\graphics\group project\trainvis\trainvis\src\graphics\../Core/Input.h(66): error C2065: 'GLFW_KEY_DELETE': undeclared identifier
c:\users\user\documents\queens\oz modules\graphics\group project\trainvis\trainvis\src\graphics\../Core/Input.h(67): error C2065: 'GLFW_KEY_RIGHT': undeclared identifier
c:\users\user\documents\queens\oz modules\graphics\group project\trainvis\trainvis\src\graphics\../Core/Input.h(68): error C2065: 'GLFW_KEY_LEFT': undeclared identifier
c:\users\user\documents\queens\oz modules\graphics\group project\trainvis\trainvis\src\graphics\../Core/Input.h(69): error C2065: 'GLFW_KEY_DOWN': undeclared identifier
c:\users\user\documents\queens\oz modules\graphics\group project\trainvis\trainvis\src\graphics\../Core/Input.h(70): error C2065: 'GLFW_KEY_UP': undeclared identifier
c:\users\user\documents\queens\oz modules\graphics\group project\trainvis\trainvis\src\graphics\../Core/Input.h(71): error C2065: 'GLFW_KEY_PAGE_UP': undeclared identifier
c:\users\user\documents\queens\oz modules\graphics\group project\trainvis\trainvis\src\graphics\../Core/Input.h(72): error C2065: 'GLFW_KEY_PAGE_DOWN': undeclared identifier
c:\users\user\documents\queens\oz modules\graphics\group project\trainvis\trainvis\src\graphics\../Core/Input.h(73): error C2065: 'GLFW_KEY_HOME': undeclared identifier
c:\users\user\documents\queens\oz modules\graphics\group project\trainvis\trainvis\src\graphics\../Core/Input.h(74): error C2065: 'GLFW_KEY_END': undeclared identifier
c:\users\user\documents\queens\oz modules\graphics\group project\trainvis\trainvis\src\graphics\../Core/Input.h(75): error C2065: 'GLFW_KEY_CAPS_LOCK': undeclared identifier
c:\users\user\documents\queens\oz modules\graphics\group project\trainvis\trainvis\src\graphics\../Core/Input.h(76): error C2065: 'GLFW_KEY_SCROLL_LOCK': undeclared identifier
c:\users\user\documents\queens\oz modules\graphics\group project\trainvis\trainvis\src\graphics\../Core/Input.h(77): error C2065: 'GLFW_KEY_NUM_LOCK': undeclared identifier
c:\users\user\documents\queens\oz modules\graphics\group project\trainvis\trainvis\src\graphics\../Core/Input.h(78): error C2065: 'GLFW_KEY_PRINT_SCREEN': undeclared identifier
c:\users\user\documents\queens\oz modules\graphics\group project\trainvis\trainvis\src\graphics\../Core/Input.h(79): error C2065: 'GLFW_KEY_PAUSE': undeclared identifier
c:\users\user\documents\queens\oz modules\graphics\group project\trainvis\trainvis\src\graphics\../Core/Input.h(80): error C2065: 'GLFW_KEY_F1': undeclared identifier
c:\users\user\documents\queens\oz modules\graphics\group project\trainvis\trainvis\src\graphics\../Core/Input.h(81): error C2065: 'GLFW_KEY_F2': undeclared identifier
c:\users\user\documents\queens\oz modules\graphics\group project\trainvis\trainvis\src\graphics\../Core/Input.h(82): error C2065: 'GLFW_KEY_F3': undeclared identifier
c:\users\user\documents\queens\oz modules\graphics\group project\trainvis\trainvis\src\graphics\../Core/Input.h(83): error C2065: 'GLFW_KEY_F4': undeclared identifier
c:\users\user\documents\queens\oz modules\graphics\group project\trainvis\trainvis\src\graphics\../Core/Input.h(84): error C2065: 'GLFW_KEY_F5': undeclared identifier
c:\users\user\documents\queens\oz modules\graphics\group project\trainvis\trainvis\src\graphics\../Core/Input.h(85): error C2065: 'GLFW_KEY_F6': undeclared identifier
c:\users\user\documents\queens\oz modules\graphics\group project\trainvis\trainvis\src\graphics\../Core/Input.h(86): error C2065: 'GLFW_KEY_F7': undeclared identifier
c:\users\user\documents\queens\oz modules\graphics\group project\trainvis\trainvis\src\graphics\../Core/Input.h(87): error C2065: 'GLFW_KEY_F8': undeclared identifier
c:\users\user\documents\queens\oz modules\graphics\group project\trainvis\trainvis\src\graphics\../Core/Input.h(88): error C2065: 'GLFW_KEY_F9': undeclared identifier
c:\users\user\documents\queens\oz modules\graphics\group project\trainvis\trainvis\src\graphics\../Core/Input.h(89): error C2065: 'GLFW_KEY_F10': undeclared identifier
c:\users\user\documents\queens\oz modules\graphics\group project\trainvis\trainvis\src\graphics\../Core/Input.h(90): error C2065: 'GLFW_KEY_F11': undeclared identifier
c:\users\user\documents\queens\oz modules\graphics\group project\trainvis\trainvis\src\graphics\../Core/Input.h(91): error C2065: 'GLFW_KEY_F12': undeclared identifier
c:\users\user\documents\queens\oz modules\graphics\group project\trainvis\trainvis\src\graphics\../Core/Input.h(92): error C2065: 'GLFW_KEY_F13': undeclared identifier
c:\users\user\documents\queens\oz modules\graphics\group project\trainvis\trainvis\src\graphics\../Core/Input.h(93): error C2065: 'GLFW_KEY_F14': undeclared identifier
c:\users\user\documents\queens\oz modules\graphics\group project\trainvis\trainvis\src\graphics\../Core/Input.h(94): error C2065: 'GLFW_KEY_F15': undeclared identifier
c:\users\user\documents\queens\oz modules\graphics\group project\trainvis\trainvis\src\graphics\../Core/Input.h(95): error C2065: 'GLFW_KEY_F16': undeclared identifier
c:\users\user\documents\queens\oz modules\graphics\group project\trainvis\trainvis\src\graphics\../Core/Input.h(96): error C2065: 'GLFW_KEY_F17': undeclared identifier
c:\users\user\documents\queens\oz modules\graphics\group project\trainvis\trainvis\src\graphics\../Core/Input.h(97): error C2065: 'GLFW_KEY_F18': undeclared identifier
c:\users\user\documents\queens\oz modules\graphics\group project\trainvis\trainvis\src\graphics\../Core/Input.h(98): error C2065: 'GLFW_KEY_F19': undeclared identifier
c:\users\user\documents\queens\oz modules\graphics\group project\trainvis\trainvis\src\graphics\../Core/Input.h(99): error C2065: 'GLFW_KEY_F20': undeclared identifier
c:\users\user\documents\queens\oz modules\graphics\group project\trainvis\trainvis\src\graphics\../Core/Input.h(100): error C2065: 'GLFW_KEY_F21': undeclared identifier
c:\users\user\documents\queens\oz modules\graphics\group project\trainvis\trainvis\src\graphics\../Core/Input.h(101): error C2065: 'GLFW_KEY_F22': undeclared identifier
c:\users\user\documents\queens\oz modules\graphics\group project\trainvis\trainvis\src\graphics\../Core/Input.h(102): error C2065: 'GLFW_KEY_F23': undeclared identifier
c:\users\user\documents\queens\oz modules\graphics\group project\trainvis\trainvis\src\graphics\../Core/Input.h(103): error C2065: 'GLFW_KEY_F24': undeclared identifier
c:\users\user\documents\queens\oz modules\graphics\group project\trainvis\trainvis\src\graphics\../Core/Input.h(104): error C2065: 'GLFW_KEY_F25': undeclared identifier
c:\users\user\documents\queens\oz modules\graphics\group project\trainvis\trainvis\src\graphics\../Core/Input.h(105): error C2065: 'GLFW_KEY_KP_0': undeclared identifier
c:\users\user\documents\queens\oz modules\graphics\group project\trainvis\trainvis\src\graphics\../Core/Input.h(106): error C2065: 'GLFW_KEY_KP_1': undeclared identifier
c:\users\user\documents\queens\oz modules\graphics\group project\trainvis\trainvis\src\graphics\../Core/Input.h(107): error C2065: 'GLFW_KEY_KP_2': undeclared identifier
c:\users\user\documents\queens\oz modules\graphics\group project\trainvis\trainvis\src\graphics\../Core/Input.h(108): error C2065: 'GLFW_KEY_KP_3': undeclared identifier
c:\users\user\documents\queens\oz modules\graphics\group project\trainvis\trainvis\src\graphics\../Core/Input.h(109): error C2065: 'GLFW_KEY_KP_4': undeclared identifier
c:\users\user\documents\queens\oz modules\graphics\group project\trainvis\trainvis\src\graphics\../Core/Input.h(110): error C2065: 'GLFW_KEY_KP_5': undeclared identifier
c:\users\user\documents\queens\oz modules\graphics\group project\trainvis\trainvis\src\graphics\../Core/Input.h(110): fatal error C1003: error count exceeds 100; stopping compilation
